

	Журнал регистрации ошибок, импортирование файла C:\Users\kerim\Desktop\мфти\rozum\3d model\AG-160-95-W-S_DH-Robotics- (1).step.

#19 851 Предупреждение: Тороидальная поверхность вырождена.
#69 012 Предупреждение: Тороидальная поверхность вырождена.
#21 439 Предупреждение: Исправлена параметризация кривой.
#98 328 Предупреждение: Исправлена параметризация кривой.
#78 999 Предупреждение: Исправлена параметризация кривой.
#27 916 Предупреждение: Исправлена параметризация кривой.
#53 697 Предупреждение: Исправлена параметризация кривой.
#16 612 Предупреждение: Исправлена параметризация кривой.
#11 190 Предупреждение: Исправлена параметризация кривой.
#36 534 Предупреждение: Исправлена параметризация кривой.
#31 360 Предупреждение: Исправлена параметризация кривой.
#26 425 Предупреждение: Исправлена параметризация кривой.
#86 958 Предупреждение: Исправлена параметризация кривой.
#87 643 Предупреждение: .
#11 059 Предупреждение: .
#15 475 Предупреждение: .
#46 710 Предупреждение: .
#27 059 Предупреждение: .
#87 458 Предупреждение: .
#70 810 Предупреждение: .
#74 746 Предупреждение: .
#78 012 Предупреждение: .
#12 219 Предупреждение: .
#55 546 Предупреждение: .
#52 602 Предупреждение: .
#25 515 Предупреждение: .
#0 Предупреждение: Некорректная грань не была добавлена в оболочку.
